2019-10-11 01:00:13 - INFO - basicLog.NetworkSpeedTestRegister - Starting Thread
2019-10-11 01:00:13 - INFO - threadjob - Running thread do_test_report
2019-10-11 01:00:33 - INFO - basicLog.NetworkSpeedTestRegister - Writing test report
2019-10-11 01:00:33 - INFO - basicLog.NetworkSpeedTestRegister - Checking if path/file exist
2019-10-11 01:00:33 - INFO - basicLog.NetworkSpeedTestRegister - Testing connection
2019-10-11 01:00:34 - INFO - basicLog.NetworkSpeedTestRegister - Running SpeedTest
2019-10-11 01:01:19 - INFO - basicLog.NetworkSpeedTestRegister - Writing test report
2019-10-11 01:01:19 - INFO - basicLog.NetworkSpeedTestRegister - Checking if path/file exist
2019-10-11 01:01:19 - INFO - basicLog.NetworkSpeedTestRegister - Testing connection
2019-10-11 01:01:19 - INFO - basicLog.NetworkSpeedTestRegister - Running SpeedTest
2019-10-11 01:01:53 - INFO - basicLog.NetworkSpeedTestRegister - Starting Thread
2019-10-11 01:01:53 - INFO - threadjob - Running thread do_test_report
2019-10-11 01:02:13 - INFO - basicLog.NetworkSpeedTestRegister - Writing test report
2019-10-11 01:02:13 - INFO - basicLog.NetworkSpeedTestRegister - Checking if path/file exist
2019-10-11 01:02:13 - INFO - basicLog.NetworkSpeedTestRegister - Testing connection
2019-10-11 01:02:14 - INFO - basicLog.NetworkSpeedTestRegister - Running SpeedTest
2019-10-11 01:03:03 - INFO - basicLog.NetworkSpeedTestRegister - Writing test report
2019-10-11 01:03:03 - INFO - basicLog.NetworkSpeedTestRegister - Checking if path/file exist
2019-10-11 01:03:03 - INFO - basicLog.NetworkSpeedTestRegister - Testing connection
2019-10-11 01:03:04 - INFO - basicLog.NetworkSpeedTestRegister - Running SpeedTest
2019-10-11 01:03:35 - INFO - basicLog.NetworkSpeedTestRegister - Starting Thread
2019-10-11 01:03:35 - INFO - threadjob - Running thread do_test_report
2019-10-11 01:03:55 - INFO - basicLog.NetworkSpeedTestRegister - Writing test report
2019-10-11 01:03:55 - INFO - basicLog.NetworkSpeedTestRegister - Checking if path/file exist
2019-10-11 01:03:55 - INFO - basicLog.NetworkSpeedTestRegister - Testing connection
2019-10-11 01:03:55 - INFO - basicLog.NetworkSpeedTestRegister - Running SpeedTest
2019-10-11 01:04:54 - INFO - basicLog.NetworkSpeedTestRegister - Writing test report
2019-10-11 01:04:54 - INFO - basicLog.NetworkSpeedTestRegister - Checking if path/file exist
2019-10-11 01:04:54 - INFO - basicLog.NetworkSpeedTestRegister - Testing connection
2019-10-11 01:04:54 - INFO - basicLog.NetworkSpeedTestRegister - Running SpeedTest
2019-10-11 01:06:00 - INFO - basicLog.NetworkSpeedTestRegister - Writing test report
2019-10-11 01:06:00 - INFO - basicLog.NetworkSpeedTestRegister - Checking if path/file exist
2019-10-11 01:06:00 - INFO - basicLog.NetworkSpeedTestRegister - Testing connection
2019-10-11 01:06:00 - INFO - basicLog.NetworkSpeedTestRegister - Running SpeedTest
2019-10-11 01:06:48 - INFO - basicLog.NetworkSpeedTestRegister - Writing test report
2019-10-11 01:06:48 - INFO - basicLog.NetworkSpeedTestRegister - Checking if path/file exist
2019-10-11 01:06:48 - INFO - basicLog.NetworkSpeedTestRegister - Testing connection
2019-10-11 01:06:48 - INFO - basicLog.NetworkSpeedTestRegister - Running SpeedTest
2019-10-11 01:07:35 - INFO - basicLog.NetworkSpeedTestRegister - Writing test report
2019-10-11 01:07:35 - INFO - basicLog.NetworkSpeedTestRegister - Checking if path/file exist
2019-10-11 01:07:35 - INFO - basicLog.NetworkSpeedTestRegister - Testing connection
2019-10-11 01:07:35 - INFO - basicLog.NetworkSpeedTestRegister - Running SpeedTest
